2025-03-14 15:57:14,516 - __main__ - INFO - Starting LinkedIn Semantic Search API
2025-03-14 15:57:14,517 - __main__ - INFO - Configuring CORS for frontend URL: http://localhost:3000
2025-03-14 15:57:14,517 - __main__ - INFO - Including API routers
2025-03-14 15:57:14,519 - __main__ - INFO - Starting uvicorn server
2025-03-14 15:57:15,115 - __mp_main__ - INFO - Starting LinkedIn Semantic Search API
2025-03-14 15:57:15,115 - __mp_main__ - INFO - Configuring CORS for frontend URL: http://localhost:3000
2025-03-14 15:57:15,115 - __mp_main__ - INFO - Including API routers
2025-03-14 15:57:15,126 - app.main - INFO - Starting LinkedIn Semantic Search API
2025-03-14 15:57:15,126 - app.main - INFO - Configuring CORS for frontend URL: http://localhost:3000
2025-03-14 15:57:15,126 - app.main - INFO - Including API routers
2025-03-14 15:57:15,195 - watchfiles.main - INFO - 1 change detected
2025-03-14 15:58:07,449 - watchfiles.main - INFO - 9 changes detected
2025-03-14 15:58:08,038 - watchfiles.main - INFO - 4 changes detected
2025-03-14 15:58:08,809 - watchfiles.main - INFO - 12 changes detected
2025-03-14 16:16:05,794 - watchfiles.main - INFO - 1 change detected
2025-03-14 16:16:19,492 - watchfiles.main - INFO - 1 change detected
2025-03-14 16:16:19,951 - watchfiles.main - INFO - 3 changes detected
2025-03-14 16:16:24,530 - watchfiles.main - INFO - 1 change detected
2025-03-14 16:16:24,939 - watchfiles.main - INFO - 7 changes detected
2025-03-14 16:16:25,294 - watchfiles.main - INFO - 6 changes detected
2025-03-14 16:16:59,649 - watchfiles.main - INFO - 1 change detected
2025-03-14 16:17:00,004 - watchfiles.main - INFO - 1 change detected
2025-03-14 16:18:06,568 - watchfiles.main - INFO - 1 change detected
2025-03-14 16:18:07,292 - watchfiles.main - INFO - 3 changes detected
2025-03-14 16:18:07,911 - watchfiles.main - INFO - 1 change detected
2025-03-14 16:18:08,323 - watchfiles.main - INFO - 3 changes detected
2025-03-14 16:18:08,679 - watchfiles.main - INFO - 3 changes detected
2025-03-14 16:18:16,379 - watchfiles.main - INFO - 1 change detected
2025-03-14 16:18:17,053 - watchfiles.main - INFO - 3 changes detected
2025-03-14 16:18:21,581 - watchfiles.main - INFO - 1 change detected
2025-03-14 16:18:22,319 - watchfiles.main - INFO - 3 changes detected
2025-03-14 16:18:50,488 - watchfiles.main - INFO - 1 change detected
2025-03-14 16:18:51,209 - watchfiles.main - INFO - 3 changes detected
2025-03-14 16:18:52,800 - watchfiles.main - INFO - 1 change detected
2025-03-14 16:18:53,519 - watchfiles.main - INFO - 3 changes detected
2025-03-14 16:18:54,138 - watchfiles.main - INFO - 1 change detected
2025-03-14 16:18:54,910 - watchfiles.main - INFO - 3 changes detected
2025-03-14 16:41:13,427 - watchfiles.main - INFO - 1 change detected
2025-03-14 16:41:14,113 - watchfiles.main - INFO - 3 changes detected
2025-03-14 16:41:29,434 - watchfiles.main - INFO - 1 change detected
2025-03-14 16:41:30,476 - watchfiles.main - INFO - 3 changes detected
2025-03-14 16:41:40,110 - watchfiles.main - INFO - 1 change detected
2025-03-14 16:41:40,719 - watchfiles.main - INFO - 3 changes detected
2025-03-14 16:43:52,713 - watchfiles.main - INFO - 1 change detected
2025-03-14 16:43:58,023 - watchfiles.main - INFO - 1 change detected
2025-03-14 16:44:12,930 - watchfiles.main - INFO - 1 change detected
2025-03-14 16:44:13,392 - watchfiles.main - INFO - 3 changes detected
2025-03-14 16:44:17,312 - watchfiles.main - INFO - 1 change detected
2025-03-14 16:44:48,358 - watchfiles.main - INFO - 1 change detected
2025-03-14 16:44:48,817 - watchfiles.main - INFO - 3 changes detected
2025-03-14 16:44:49,786 - watchfiles.main - INFO - 1 change detected
2025-03-14 16:45:03,636 - watchfiles.main - INFO - 1 change detected
2025-03-14 16:45:04,046 - watchfiles.main - INFO - 3 changes detected
2025-03-14 16:45:15,387 - watchfiles.main - INFO - 1 change detected
2025-03-14 16:45:15,800 - watchfiles.main - INFO - 3 changes detected
